<?xml version="1.0" encoding="UTF-8"?>
<!-- Generated by org.testng.reporters.JUnitXMLReporter -->
<testsuite hostname="NGD22770" ignored="0" name="Free CRM App Test Cases" tests="19" failures="0" timestamp="26 Jul 2018 11:06:24 GMT" time="389.727" errors="0">
  <testcase name="validateLoginPageTitleTest" time="0.025" classname="com.crm.qa.testcases.LoginPageTest"/>
  <testcase name="validateCompaniesPageTitleTest" time="0.01" classname="com.crm.qa.testcases.HomePageTest"/>
  <testcase name="validateCompaniesLabel" time="0.037" classname="com.crm.qa.testcases.CompaniesPageTest"/>
  <testcase name="validateCRMLogoTest" time="0.035" classname="com.crm.qa.testcases.LoginPageTest"/>
  <testcase name="validateUserNameTest" time="0.076" classname="com.crm.qa.testcases.HomePageTest"/>
  <testcase name="newCompanyTest" time="4.292" classname="com.crm.qa.testcases.CompaniesPageTest"/>
  <testcase name="newCompanyTest" time="3.915" classname="com.crm.qa.testcases.CompaniesPageTest"/>
  <testcase name="newCompanyTest" time="4.283" classname="com.crm.qa.testcases.CompaniesPageTest"/>
  <testcase name="newCompanyTest" time="4.321" classname="com.crm.qa.testcases.CompaniesPageTest"/>
  <testcase name="newCompanyTest" time="4.104" classname="com.crm.qa.testcases.CompaniesPageTest"/>
  <testcase name="newCompanyTest" time="4.289" classname="com.crm.qa.testcases.CompaniesPageTest"/>
  <testcase name="newCompanyTest" time="3.953" classname="com.crm.qa.testcases.CompaniesPageTest"/>
  <testcase name="newCompanyTest" time="3.926" classname="com.crm.qa.testcases.CompaniesPageTest"/>
  <testcase name="newCompanyTest" time="3.951" classname="com.crm.qa.testcases.CompaniesPageTest"/>
  <testcase name="newCompanyTest" time="3.876" classname="com.crm.qa.testcases.CompaniesPageTest"/>
  <testcase name="validateSignUpBtnTest" time="0.042" classname="com.crm.qa.testcases.LoginPageTest"/>
  <testcase name="validateCompaniesLinkTest" time="1.227" classname="com.crm.qa.testcases.HomePageTest"/>
  <testcase name="validateLoginTest" time="5.233" classname="com.crm.qa.testcases.LoginPageTest"/>
  <testcase name="mouseMovementOnCompaniesLinkTest" time="1.633" classname="com.crm.qa.testcases.HomePageTest"/>
</testsuite> <!-- Free CRM App Test Cases -->
