-------------------------------------------------------------------------------
Test set: TestSuite
-------------------------------------------------------------------------------
Tests run: 13, Failures: 1, Errors: 0, Skipped: 0, Time elapsed: 351.387 s <<< FAILURE! - in TestSuite
validateLoginPageTitleTest(com.crm.qa.testcases.LoginPageTest)  Time elapsed: 0.055 s  <<< FAILURE!
java.lang.AssertionError: expected [Free CRM software in the cloud powers sales and customer service] but found [#1 Free CRM software in the cloud for sales and service]
	at com.crm.qa.testcases.LoginPageTest.validateLoginPageTitleTest(LoginPageTest.java:30)

