<?xml version="1.0" encoding="UTF-8"?>
<testsuite xmlns:xsi="http://www.w3.org/2001/XMLSchema-instance" xsi:noNamespaceSchemaLocation="https://maven.apache.org/surefire/maven-surefire-plugin/xsd/surefire-test-report.xsd" name="TestSuite" time="450.946" tests="13" errors="0" skipped="0" failures="0">
  <properties>
[...]
</properties>
  <testcase name="validateCompaniesLabel" classname="com.crm.qa.testcases.CompaniesPageTest" time="0.037"/>
  <testcase name="validateCompaniesPageTitleTest" classname="com.crm.qa.testcases.HomePageTest" time="0.012"/>
  <testcase name="validateLoginPageTitleTest" classname="com.crm.qa.testcases.LoginPageTest" time="0.028"/>
  <testcase name="newCompanyTest" classname="com.crm.qa.testcases.CompaniesPageTest" time="5.815"/>
  <testcase name="newCompanyTest" classname="com.crm.qa.testcases.CompaniesPageTest" time="5.848"/>
  <testcase name="newCompanyTest" classname="com.crm.qa.testcases.CompaniesPageTest" time="6.486"/>
  <testcase name="newCompanyTest" classname="com.crm.qa.testcases.CompaniesPageTest" time="5.823"/>
  <testcase name="newCompanyTest" classname="com.crm.qa.testcases.CompaniesPageTest" time="5.861"/>
  <testcase name="newCompanyTest" classname="com.crm.qa.testcases.CompaniesPageTest" time="5.97"/>
  <testcase name="newCompanyTest" classname="com.crm.qa.testcases.CompaniesPageTest" time="5.804"/>
  <testcase name="newCompanyTest" classname="com.crm.qa.testcases.CompaniesPageTest" time="5.814"/>
  <testcase name="newCompanyTest" classname="com.crm.qa.testcases.CompaniesPageTest" time="37.039"/>
  <testcase name="newCompanyTest" classname="com.crm.qa.testcases.CompaniesPageTest" time="5.887"/>
</testsuite>