<?xml version="1.0" encoding="UTF-8"?>
<testng-results skipped="0" failed="1" ignored="0" total="13" passed="12">
  <reporter-output>
  </reporter-output>
  <suite name="Surefire suite" duration-ms="350603" started-at="2018-07-30T06:44:30Z" finished-at="2018-07-30T06:50:21Z">
    <groups>
    </groups>
    <test name="Surefire test" duration-ms="350603" started-at="2018-07-30T06:44:30Z" finished-at="2018-07-30T06:50:21Z">
      <class name="com.crm.qa.testcases.HomePageTest">
        <test-method status="PASS" signature="setUp()[pri:0, instance:com.crm.qa.testcases.HomePageTest@4667ae56]" name="setUp" is-config="true" duration-ms="14586" started-at="2018-07-30T06:44:55Z" finished-at="2018-07-30T06:45:09Z">
          <reporter-output>
          </reporter-output>
        </test-method> <!-- setUp -->
        <test-method status="PASS" signature="validateCompaniesPageTitleTest()[pri:1, instance:com.crm.qa.testcases.HomePageTest@4667ae56]" name="validateCompaniesPageTitleTest" duration-ms="8" started-at="2018-07-30T06:45:09Z" finished-at="2018-07-30T06:45:09Z">
          <reporter-output>
          </reporter-output>
        </test-method> <!-- validateCompaniesPageTitleTest -->
        <test-method status="PASS" signature="tearDown()[pri:0, instance:com.crm.qa.testcases.HomePageTest@4667ae56]" name="tearDown" is-config="true" duration-ms="873" started-at="2018-07-30T06:45:09Z" finished-at="2018-07-30T06:45:10Z">
          <reporter-output>
          </reporter-output>
        </test-method> <!-- tearDown -->
      </class> <!-- com.crm.qa.testcases.HomePageTest -->
      <class name="com.crm.qa.testcases.LoginPageTest">
        <test-method status="PASS" signature="setUp()[pri:0, instance:com.crm.qa.testcases.LoginPageTest@77cd7a0]" name="setUp" is-config="true" duration-ms="9346" started-at="2018-07-30T06:45:10Z" finished-at="2018-07-30T06:45:19Z">
          <reporter-output>
          </reporter-output>
        </test-method> <!-- setUp -->
        <test-method status="FAIL" signature="validateLoginPageTitleTest()[pri:1, instance:com.crm.qa.testcases.LoginPageTest@77cd7a0]" name="validateLoginPageTitleTest" duration-ms="16" started-at="2018-07-30T06:45:19Z" finished-at="2018-07-30T06:45:19Z">
          <exception class="java.lang.AssertionError">
            <message>
              <![CDATA[expected [Free CRM software in the cloud powers sales and customer service] but found [#1 Free CRM software in the cloud for sales and service]]]>
            </message>
            <full-stacktrace>
              <![CDATA[java.lang.AssertionError: expected [Free CRM software in the cloud powers sales and customer service] but found [#1 Free CRM software in the cloud for sales and service]
at org.testng.Assert.fail(Assert.java:96)
at org.testng.Assert.failNotEquals(Assert.java:776)
at org.testng.Assert.assertEqualsImpl(Assert.java:137)
at org.testng.Assert.assertEquals(Assert.java:118)
at org.testng.Assert.assertEquals(Assert.java:453)
at org.testng.Assert.assertEquals(Assert.java:463)
at com.crm.qa.testcases.LoginPageTest.validateLoginPageTitleTest(LoginPageTest.java:30)
at sun.reflect.NativeMethodAccessorImpl.invoke0(Native Method)
at sun.reflect.NativeMethodAccessorImpl.invoke(NativeMethodAccessorImpl.java:62)
at sun.reflect.DelegatingMethodAccessorImpl.invoke(DelegatingMethodAccessorImpl.java:43)
at java.lang.reflect.Method.invoke(Method.java:498)
at org.testng.internal.MethodInvocationHelper.invokeMethod(MethodInvocationHelper.java:124)
at org.testng.internal.Invoker.invokeMethod(Invoker.java:583)
at org.testng.internal.Invoker.invokeTestMethod(Invoker.java:719)
at org.testng.internal.Invoker.invokeTestMethods(Invoker.java:989)
at org.testng.internal.TestMethodWorker.invokeTestMethods(TestMethodWorker.java:125)
at org.testng.internal.TestMethodWorker.run(TestMethodWorker.java:109)
at org.testng.TestRunner.privateRun(TestRunner.java:648)
at org.testng.TestRunner.run(TestRunner.java:505)
at org.testng.SuiteRunner.runTest(SuiteRunner.java:455)
at org.testng.SuiteRunner.runSequentially(SuiteRunner.java:450)
at org.testng.SuiteRunner.privateRun(SuiteRunner.java:415)
at org.testng.SuiteRunner.run(SuiteRunner.java:364)
at org.testng.SuiteRunnerWorker.runSuite(SuiteRunnerWorker.java:52)
at org.testng.SuiteRunnerWorker.run(SuiteRunnerWorker.java:84)
at org.testng.TestNG.runSuitesSequentially(TestNG.java:1208)
at org.testng.TestNG.runSuitesLocally(TestNG.java:1137)
at org.testng.TestNG.runSuites(TestNG.java:1049)
at org.testng.TestNG.run(TestNG.java:1017)
at org.apache.maven.surefire.testng.TestNGExecutor.run(TestNGExecutor.java:135)
at org.apache.maven.surefire.testng.TestNGDirectoryTestSuite.executeMulti(TestNGDirectoryTestSuite.java:193)
at org.apache.maven.surefire.testng.TestNGDirectoryTestSuite.execute(TestNGDirectoryTestSuite.java:94)
at org.apache.maven.surefire.testng.TestNGProvider.invoke(TestNGProvider.java:146)
at org.apache.maven.surefire.booter.ForkedBooter.invokeProviderInSameClassLoader(ForkedBooter.java:383)
at org.apache.maven.surefire.booter.ForkedBooter.runSuitesInProcess(ForkedBooter.java:344)
at org.apache.maven.surefire.booter.ForkedBooter.execute(ForkedBooter.java:125)
at org.apache.maven.surefire.booter.ForkedBooter.main(ForkedBooter.java:417)
]]>
            </full-stacktrace>
          </exception> <!-- java.lang.AssertionError -->
          <reporter-output>
          </reporter-output>
        </test-method> <!-- validateLoginPageTitleTest -->
        <test-method status="PASS" signature="tearDown()[pri:0, instance:com.crm.qa.testcases.LoginPageTest@77cd7a0]" name="tearDown" is-config="true" duration-ms="889" started-at="2018-07-30T06:45:19Z" finished-at="2018-07-30T06:45:20Z">
          <reporter-output>
          </reporter-output>
        </test-method> <!-- tearDown -->
      </class> <!-- com.crm.qa.testcases.LoginPageTest -->
      <class name="com.crm.qa.testcases.CompaniesPageTest">
        <test-method status="PASS" signature="setUp()[pri:0, instance:com.crm.qa.testcases.CompaniesPageTest@1a968a59]" name="setUp" is-config="true" duration-ms="23549" started-at="2018-07-30T06:44:30Z" finished-at="2018-07-30T06:44:54Z">
          <reporter-output>
          </reporter-output>
        </test-method> <!-- setUp -->
        <test-method status="PASS" signature="validateCompaniesLabel()[pri:1, instance:com.crm.qa.testcases.CompaniesPageTest@1a968a59]" name="validateCompaniesLabel" duration-ms="41" started-at="2018-07-30T06:44:54Z" finished-at="2018-07-30T06:44:54Z">
          <reporter-output>
          </reporter-output>
        </test-method> <!-- validateCompaniesLabel -->
        <test-method status="PASS" signature="tearDown()[pri:0, instance:com.crm.qa.testcases.CompaniesPageTest@1a968a59]" name="tearDown" is-config="true" duration-ms="917" started-at="2018-07-30T06:44:54Z" finished-at="2018-07-30T06:44:55Z">
          <reporter-output>
          </reporter-output>
        </test-method> <!-- tearDown -->
        <test-method status="PASS" signature="setUp()[pri:0, instance:com.crm.qa.testcases.CompaniesPageTest@1a968a59]" name="setUp" is-config="true" duration-ms="44856" started-at="2018-07-30T06:45:21Z" finished-at="2018-07-30T06:46:06Z">
          <reporter-output>
          </reporter-output>
        </test-method> <!-- setUp -->
        <test-method status="PASS" signature="newCompanyTest(java.lang.String, java.lang.String)[pri:2, instance:com.crm.qa.testcases.CompaniesPageTest@1a968a59]" name="newCompanyTest" duration-ms="24430" started-at="2018-07-30T06:46:06Z" data-provider="getCRMTestData" finished-at="2018-07-30T06:46:30Z">
          <params>
            <param index="0">
              <value>
                <![CDATA[AA]]>
              </value>
            </param>
            <param index="1">
              <value>
                <![CDATA[IT Industry]]>
              </value>
            </param>
          </params>
          <reporter-output>
          </reporter-output>
        </test-method> <!-- newCompanyTest -->
        <test-method status="PASS" signature="tearDown()[pri:0, instance:com.crm.qa.testcases.CompaniesPageTest@1a968a59]" name="tearDown" is-config="true" duration-ms="898" started-at="2018-07-30T06:46:30Z" finished-at="2018-07-30T06:46:31Z">
          <reporter-output>
          </reporter-output>
        </test-method> <!-- tearDown -->
        <test-method status="PASS" signature="setUp()[pri:0, instance:com.crm.qa.testcases.CompaniesPageTest@1a968a59]" name="setUp" is-config="true" duration-ms="17251" started-at="2018-07-30T06:46:31Z" finished-at="2018-07-30T06:46:49Z">
          <reporter-output>
          </reporter-output>
        </test-method> <!-- setUp -->
        <test-method status="PASS" signature="newCompanyTest(java.lang.String, java.lang.String)[pri:2, instance:com.crm.qa.testcases.CompaniesPageTest@1a968a59]" name="newCompanyTest" duration-ms="3751" started-at="2018-07-30T06:46:49Z" data-provider="getCRMTestData" finished-at="2018-07-30T06:46:52Z">
          <params>
            <param index="0">
              <value>
                <![CDATA[BB]]>
              </value>
            </param>
            <param index="1">
              <value>
                <![CDATA[Product]]>
              </value>
            </param>
          </params>
          <reporter-output>
          </reporter-output>
        </test-method> <!-- newCompanyTest -->
        <test-method status="PASS" signature="tearDown()[pri:0, instance:com.crm.qa.testcases.CompaniesPageTest@1a968a59]" name="tearDown" is-config="true" duration-ms="907" started-at="2018-07-30T06:46:52Z" finished-at="2018-07-30T06:46:53Z">
          <reporter-output>
          </reporter-output>
        </test-method> <!-- tearDown -->
        <test-method status="PASS" signature="setUp()[pri:0, instance:com.crm.qa.testcases.CompaniesPageTest@1a968a59]" name="setUp" is-config="true" duration-ms="16689" started-at="2018-07-30T06:46:53Z" finished-at="2018-07-30T06:47:10Z">
          <reporter-output>
          </reporter-output>
        </test-method> <!-- setUp -->
        <test-method status="PASS" signature="newCompanyTest(java.lang.String, java.lang.String)[pri:2, instance:com.crm.qa.testcases.CompaniesPageTest@1a968a59]" name="newCompanyTest" duration-ms="3878" started-at="2018-07-30T06:47:10Z" data-provider="getCRMTestData" finished-at="2018-07-30T06:47:14Z">
          <params>
            <param index="0">
              <value>
                <![CDATA[CC]]>
              </value>
            </param>
            <param index="1">
              <value>
                <![CDATA[Service and Product]]>
              </value>
            </param>
          </params>
          <reporter-output>
          </reporter-output>
        </test-method> <!-- newCompanyTest -->
        <test-method status="PASS" signature="tearDown()[pri:0, instance:com.crm.qa.testcases.CompaniesPageTest@1a968a59]" name="tearDown" is-config="true" duration-ms="896" started-at="2018-07-30T06:47:14Z" finished-at="2018-07-30T06:47:15Z">
          <reporter-output>
          </reporter-output>
        </test-method> <!-- tearDown -->
        <test-method status="PASS" signature="setUp()[pri:0, instance:com.crm.qa.testcases.CompaniesPageTest@1a968a59]" name="setUp" is-config="true" duration-ms="14436" started-at="2018-07-30T06:47:15Z" finished-at="2018-07-30T06:47:29Z">
          <reporter-output>
          </reporter-output>
        </test-method> <!-- setUp -->
        <test-method status="PASS" signature="newCompanyTest(java.lang.String, java.lang.String)[pri:2, instance:com.crm.qa.testcases.CompaniesPageTest@1a968a59]" name="newCompanyTest" duration-ms="3663" started-at="2018-07-30T06:47:29Z" data-provider="getCRMTestData" finished-at="2018-07-30T06:47:33Z">
          <params>
            <param index="0">
              <value>
                <![CDATA[DD]]>
              </value>
            </param>
            <param index="1">
              <value>
                <![CDATA[IT Industry]]>
              </value>
            </param>
          </params>
          <reporter-output>
          </reporter-output>
        </test-method> <!-- newCompanyTest -->
        <test-method status="PASS" signature="tearDown()[pri:0, instance:com.crm.qa.testcases.CompaniesPageTest@1a968a59]" name="tearDown" is-config="true" duration-ms="905" started-at="2018-07-30T06:47:33Z" finished-at="2018-07-30T06:47:34Z">
          <reporter-output>
          </reporter-output>
        </test-method> <!-- tearDown -->
        <test-method status="PASS" signature="setUp()[pri:0, instance:com.crm.qa.testcases.CompaniesPageTest@1a968a59]" name="setUp" is-config="true" duration-ms="17423" started-at="2018-07-30T06:47:34Z" finished-at="2018-07-30T06:47:51Z">
          <reporter-output>
          </reporter-output>
        </test-method> <!-- setUp -->
        <test-method status="PASS" signature="newCompanyTest(java.lang.String, java.lang.String)[pri:2, instance:com.crm.qa.testcases.CompaniesPageTest@1a968a59]" name="newCompanyTest" duration-ms="3717" started-at="2018-07-30T06:47:51Z" data-provider="getCRMTestData" finished-at="2018-07-30T06:47:55Z">
          <params>
            <param index="0">
              <value>
                <![CDATA[EE]]>
              </value>
            </param>
            <param index="1">
              <value>
                <![CDATA[Product]]>
              </value>
            </param>
          </params>
          <reporter-output>
          </reporter-output>
        </test-method> <!-- newCompanyTest -->
        <test-method status="PASS" signature="tearDown()[pri:0, instance:com.crm.qa.testcases.CompaniesPageTest@1a968a59]" name="tearDown" is-config="true" duration-ms="890" started-at="2018-07-30T06:47:55Z" finished-at="2018-07-30T06:47:56Z">
          <reporter-output>
          </reporter-output>
        </test-method> <!-- tearDown -->
        <test-method status="PASS" signature="setUp()[pri:0, instance:com.crm.qa.testcases.CompaniesPageTest@1a968a59]" name="setUp" is-config="true" duration-ms="14010" started-at="2018-07-30T06:47:56Z" finished-at="2018-07-30T06:48:10Z">
          <reporter-output>
          </reporter-output>
        </test-method> <!-- setUp -->
        <test-method status="PASS" signature="newCompanyTest(java.lang.String, java.lang.String)[pri:2, instance:com.crm.qa.testcases.CompaniesPageTest@1a968a59]" name="newCompanyTest" duration-ms="3602" started-at="2018-07-30T06:48:10Z" data-provider="getCRMTestData" finished-at="2018-07-30T06:48:13Z">
          <params>
            <param index="0">
              <value>
                <![CDATA[FF]]>
              </value>
            </param>
            <param index="1">
              <value>
                <![CDATA[Service and Product]]>
              </value>
            </param>
          </params>
          <reporter-output>
          </reporter-output>
        </test-method> <!-- newCompanyTest -->
        <test-method status="PASS" signature="tearDown()[pri:0, instance:com.crm.qa.testcases.CompaniesPageTest@1a968a59]" name="tearDown" is-config="true" duration-ms="912" started-at="2018-07-30T06:48:13Z" finished-at="2018-07-30T06:48:14Z">
          <reporter-output>
          </reporter-output>
        </test-method> <!-- tearDown -->
        <test-method status="PASS" signature="setUp()[pri:0, instance:com.crm.qa.testcases.CompaniesPageTest@1a968a59]" name="setUp" is-config="true" duration-ms="16705" started-at="2018-07-30T06:48:14Z" finished-at="2018-07-30T06:48:31Z">
          <reporter-output>
          </reporter-output>
        </test-method> <!-- setUp -->
        <test-method status="PASS" signature="newCompanyTest(java.lang.String, java.lang.String)[pri:2, instance:com.crm.qa.testcases.CompaniesPageTest@1a968a59]" name="newCompanyTest" duration-ms="3856" started-at="2018-07-30T06:48:31Z" data-provider="getCRMTestData" finished-at="2018-07-30T06:48:35Z">
          <params>
            <param index="0">
              <value>
                <![CDATA[GG]]>
              </value>
            </param>
            <param index="1">
              <value>
                <![CDATA[IT Industry]]>
              </value>
            </param>
          </params>
          <reporter-output>
          </reporter-output>
        </test-method> <!-- newCompanyTest -->
        <test-method status="PASS" signature="tearDown()[pri:0, instance:com.crm.qa.testcases.CompaniesPageTest@1a968a59]" name="tearDown" is-config="true" duration-ms="898" started-at="2018-07-30T06:48:35Z" finished-at="2018-07-30T06:48:36Z">
          <reporter-output>
          </reporter-output>
        </test-method> <!-- tearDown -->
        <test-method status="PASS" signature="setUp()[pri:0, instance:com.crm.qa.testcases.CompaniesPageTest@1a968a59]" name="setUp" is-config="true" duration-ms="17905" started-at="2018-07-30T06:48:36Z" finished-at="2018-07-30T06:48:54Z">
          <reporter-output>
          </reporter-output>
        </test-method> <!-- setUp -->
        <test-method status="PASS" signature="newCompanyTest(java.lang.String, java.lang.String)[pri:2, instance:com.crm.qa.testcases.CompaniesPageTest@1a968a59]" name="newCompanyTest" duration-ms="4086" started-at="2018-07-30T06:48:54Z" data-provider="getCRMTestData" finished-at="2018-07-30T06:48:58Z">
          <params>
            <param index="0">
              <value>
                <![CDATA[HH]]>
              </value>
            </param>
            <param index="1">
              <value>
                <![CDATA[Product]]>
              </value>
            </param>
          </params>
          <reporter-output>
          </reporter-output>
        </test-method> <!-- newCompanyTest -->
        <test-method status="PASS" signature="tearDown()[pri:0, instance:com.crm.qa.testcases.CompaniesPageTest@1a968a59]" name="tearDown" is-config="true" duration-ms="900" started-at="2018-07-30T06:48:58Z" finished-at="2018-07-30T06:48:59Z">
          <reporter-output>
          </reporter-output>
        </test-method> <!-- tearDown -->
        <test-method status="PASS" signature="setUp()[pri:0, instance:com.crm.qa.testcases.CompaniesPageTest@1a968a59]" name="setUp" is-config="true" duration-ms="14663" started-at="2018-07-30T06:48:59Z" finished-at="2018-07-30T06:49:13Z">
          <reporter-output>
          </reporter-output>
        </test-method> <!-- setUp -->
        <test-method status="PASS" signature="newCompanyTest(java.lang.String, java.lang.String)[pri:2, instance:com.crm.qa.testcases.CompaniesPageTest@1a968a59]" name="newCompanyTest" duration-ms="23874" started-at="2018-07-30T06:49:13Z" data-provider="getCRMTestData" finished-at="2018-07-30T06:49:37Z">
          <params>
            <param index="0">
              <value>
                <![CDATA[II]]>
              </value>
            </param>
            <param index="1">
              <value>
                <![CDATA[Service and Product]]>
              </value>
            </param>
          </params>
          <reporter-output>
          </reporter-output>
        </test-method> <!-- newCompanyTest -->
        <test-method status="PASS" signature="tearDown()[pri:0, instance:com.crm.qa.testcases.CompaniesPageTest@1a968a59]" name="tearDown" is-config="true" duration-ms="915" started-at="2018-07-30T06:49:37Z" finished-at="2018-07-30T06:49:38Z">
          <reporter-output>
          </reporter-output>
        </test-method> <!-- tearDown -->
        <test-method status="PASS" signature="setUp()[pri:0, instance:com.crm.qa.testcases.CompaniesPageTest@1a968a59]" name="setUp" is-config="true" duration-ms="17464" started-at="2018-07-30T06:49:38Z" finished-at="2018-07-30T06:49:56Z">
          <reporter-output>
          </reporter-output>
        </test-method> <!-- setUp -->
        <test-method status="PASS" signature="newCompanyTest(java.lang.String, java.lang.String)[pri:2, instance:com.crm.qa.testcases.CompaniesPageTest@1a968a59]" name="newCompanyTest" duration-ms="24082" started-at="2018-07-30T06:49:56Z" data-provider="getCRMTestData" finished-at="2018-07-30T06:50:20Z">
          <params>
            <param index="0">
              <value>
                <![CDATA[JJ]]>
              </value>
            </param>
            <param index="1">
              <value>
                <![CDATA[Product]]>
              </value>
            </param>
          </params>
          <reporter-output>
          </reporter-output>
        </test-method> <!-- newCompanyTest -->
        <test-method status="PASS" signature="tearDown()[pri:0, instance:com.crm.qa.testcases.CompaniesPageTest@1a968a59]" name="tearDown" is-config="true" duration-ms="891" started-at="2018-07-30T06:50:20Z" finished-at="2018-07-30T06:50:21Z">
          <reporter-output>
          </reporter-output>
        </test-method> <!-- tearDown -->
      </class> <!-- com.crm.qa.testcases.CompaniesPageTest -->
    </test> <!-- Surefire test -->
  </suite> <!-- Surefire suite -->
</testng-results>
