<?xml version="1.0" encoding="UTF-8"?>
<testng-results skipped="0" failed="0" ignored="0" total="1" passed="1">
  <reporter-output>
  </reporter-output>
  <suite name="Default suite" duration-ms="34957" started-at="2018-07-31T14:03:01Z" finished-at="2018-07-31T14:03:36Z">
    <groups>
    </groups>
    <test name="Default test" duration-ms="34957" started-at="2018-07-31T14:03:01Z" finished-at="2018-07-31T14:03:36Z">
      <class name="com.crm.qa.testcases.ResourcesPageTest">
        <test-method status="PASS" signature="setUp()[pri:0, instance:com.crm.qa.testcases.ResourcesPageTest@1da51a35]" name="setUp" is-config="true" duration-ms="33998" started-at="2018-07-31T14:03:01Z" finished-at="2018-07-31T14:03:35Z">
          <reporter-output>
          </reporter-output>
        </test-method> <!-- setUp -->
        <test-method status="PASS" signature="validateResourcesLabelTest()[pri:1, instance:com.crm.qa.testcases.ResourcesPageTest@1da51a35]" name="validateResourcesLabelTest" duration-ms="48" started-at="2018-07-31T14:03:35Z" finished-at="2018-07-31T14:03:35Z">
          <reporter-output>
          </reporter-output>
        </test-method> <!-- validateResourcesLabelTest -->
        <test-method status="PASS" signature="tearDown()[pri:0, instance:com.crm.qa.testcases.ResourcesPageTest@1da51a35]" name="tearDown" is-config="true" duration-ms="885" started-at="2018-07-31T14:03:35Z" finished-at="2018-07-31T14:03:36Z">
          <reporter-output>
          </reporter-output>
        </test-method> <!-- tearDown -->
      </class> <!-- com.crm.qa.testcases.ResourcesPageTest -->
    </test> <!-- Default test -->
  </suite> <!-- Default suite -->
</testng-results>
